<?xml version="1.0" encoding="UTF-8"?>
<!-- Generated by org.testng.reporters.JUnitReportReporter -->
<testsuite hostname="GlobantMX-PC" name="org.globant.reviewRequest.TestUnitario" tests="1" failures="0" timestamp="24 Jul 2014 15:13:04 GMT" time="1.032" errors="0">
  <testcase name="goToReviewRequest" time="1.032" classname="org.globant.reviewRequest.TestUnitario"/>
</testsuite>
