<?xml version="1.0" encoding="UTF-8"?>
<!-- Generated by org.testng.reporters.JUnitReportReporter -->
<testsuite hostname="GlobantMX-PC" name="org.globant.reviewBoard.TestUnitario" tests="1" failures="0" timestamp="24 Jul 2014 15:53:12 GMT" time="30.300" errors="0">
  <testcase name="goToReviewRequest" time="30.300" classname="org.globant.reviewBoard.TestUnitario"/>
</testsuite> <!-- org.globant.reviewBoard.TestUnitario -->
